<?xml version="1.0" encoding="UTF-8"?>
<!-- Generated by org.testng.reporters.JUnitXMLReporter -->
<testsuite ignored="0" hostname="DESKTOP-B39B0CL" failures="0" tests="4" name="Test2" time="0.012" errors="0" timestamp="2023-07-31T18:42:54 IST">
  <testcase classname="day42.Class3" name="tm3" time="0.002"/>
  <testcase classname="day42.Class2" name="tm2" time="0.001"/>
  <testcase classname="day42.Class4" name="tm4" time="0.002"/>
  <testcase classname="day42.Class1" name="tm" time="0.001"/>
</testsuite> <!-- Test2 -->
