<?xml version="1.0" encoding="UTF-8"?>
<!-- Generated by org.testng.reporters.JUnitXMLReporter -->
<testsuite ignored="0" hostname="DESKTOP-B39B0CL" failures="1" tests="3" name="Test" time="11.022" errors="0" timestamp="2023-08-10T17:36:06 IST">
  <testcase classname="day9.Fb" name="testlogo" time="0.105"/>
  <testcase classname="day9.Fb" name="testlogin" time="3.316">
    <failure type="java.lang.AssertionError" message="expected [false] but found [true]">
      <![CDATA[java.lang.AssertionError: expected [false] but found [true]
at day9.Fb.testlogin(Fb.java:41)
at java.base/java.util.ArrayList.forEach(ArrayList.java:1511)
... Removed 31 stack frames]]>
    </failure>
  </testcase> <!-- testlogin -->
  <testcase classname="day9.Fb" name="testlogout" time="0.0">
    <skipped/>
  </testcase> <!-- testlogout -->
</testsuite> <!-- Test -->
