<?xml version="1.0" encoding="UTF-8"?>
<!-- Generated by org.testng.reporters.JUnitXMLReporter -->
<testsuite ignored="6" hostname="DESKTOP-B39B0CL" failures="0" tests="3" name="test" time="0.066" errors="0" timestamp="2023-08-08T11:51:17 IST">
  <testcase classname="grouping.Grouping" name="loginbyfb" time="0.01"/>
  <testcase classname="grouping.Grouping" name="loginbytwitter" time="0.001"/>
  <testcase classname="grouping.Grouping" name="paymentindollers" time="0.001"/>
  <testcase classname="grouping.Grouping" name="signupbyfb" time="0.0">
    <ignored/>
  </testcase> <!-- signupbyfb -->
  <testcase classname="grouping.Grouping" name="signupbyemail" time="0.0">
    <ignored/>
  </testcase> <!-- signupbyemail -->
  <testcase classname="grouping.Grouping" name="paymentinrupess" time="0.0">
    <ignored/>
  </testcase> <!-- paymentinrupess -->
  <testcase classname="grouping.Grouping" name="signupbytwitter" time="0.0">
    <ignored/>
  </testcase> <!-- signupbytwitter -->
  <testcase classname="grouping.Grouping" name="paymentreturnbybank" time="0.0">
    <ignored/>
  </testcase> <!-- paymentreturnbybank -->
  <testcase classname="grouping.Grouping" name="loginbyemail" time="0.0">
    <ignored/>
  </testcase> <!-- loginbyemail -->
</testsuite> <!-- test -->
