<?xml version="1.0" encoding="UTF-8"?>
<testng-results ignored="0" total="1" passed="1" failed="0" skipped="0">
  <reporter-output>
  </reporter-output>
  <suite started-at="2023-08-15T01:10:06 IST" name="Default suite" finished-at="2023-08-15T01:10:32 IST" duration-ms="25748">
    <groups>
    </groups>
    <test started-at="2023-08-15T01:10:06 IST" name="Default test" finished-at="2023-08-15T01:10:32 IST" duration-ms="25748">
      <class name="day10.LoginTest">
        <test-method is-config="true" signature="stup()[pri:0, instance:day10.LoginTest@67d48005]" started-at="2023-08-15T01:10:06 IST" name="stup" finished-at="2023-08-15T01:10:27 IST" duration-ms="20472" status="PASS">
          <reporter-output>
          </reporter-output>
        </test-method> <!-- stup -->
        <test-method signature="login()[pri:0, instance:day10.LoginTest@67d48005]" started-at="2023-08-15T01:10:27 IST" name="login" finished-at="2023-08-15T01:10:32 IST" duration-ms="5102" status="PASS">
          <reporter-output>
          </reporter-output>
        </test-method> <!-- login -->
        <test-method is-config="true" signature="close()[pri:0, instance:day10.LoginTest@67d48005]" started-at="2023-08-15T01:10:32 IST" name="close" finished-at="2023-08-15T01:10:32 IST" duration-ms="126" status="PASS">
          <reporter-output>
          </reporter-output>
        </test-method> <!-- close -->
      </class> <!-- day10.LoginTest -->
    </test> <!-- Default test -->
  </suite> <!-- Default suite -->
</testng-results>
